<?xml version="1.0" encoding="UTF-8"?>
<!-- Generated by org.testng.reporters.JUnitXMLReporter -->
<testsuite ignored="0" hostname="MWLTPF1MEAFD" failures="0" tests="4" name="Default test" time="45.897" errors="0" timestamp="2019-10-05T21:18:12 SAST">
  <testcase classname="automationassignment.TestCase1" name="step1_EnterAddress" time="10.931"/>
  <testcase classname="automationassignment.TestCase1" name="step2_SearchForRestaurantsNearAddress" time="14.132"/>
  <testcase classname="automationassignment.TestCase1" name="step3_AddItemsToBasket" time="10.315"/>
  <testcase classname="automationassignment.TestCase1" name="step4_captureDetailsForDelivery" time="5.474"/>
</testsuite> <!-- Default test -->
