<?xml version="1.0" encoding="UTF-8"?>
<!-- Generated by org.testng.reporters.JUnitXMLReporter -->
<testsuite ignored="0" hostname="MWLTPF1MEAFD" failures="0" tests="5" name="Default test" time="63.633" errors="0" timestamp="2019-10-06T05:58:48 SAST">
  <testcase classname="automationassignment.TestCase1Bonus" name="step1_EnterAddress" time="8.616"/>
  <testcase classname="automationassignment.TestCase1Bonus" name="step2_SearchForRestaurantsNearAddress" time="14.81"/>
  <testcase classname="automationassignment.TestCase1Bonus" name="step3_AddItemsToBasket" time="8.216"/>
  <testcase classname="automationassignment.TestCase1Bonus" name="step4_CaptureDetailsForDelivery" time="15.721"/>
  <testcase classname="automationassignment.TestCase1Bonus" name="step5_ReceiveOrderReference" time="6.2"/>
</testsuite> <!-- Default test -->
