<?xml version="1.0" encoding="UTF-8"?>
<!-- Generated by org.testng.reporters.JUnitXMLReporter -->
<testsuite ignored="0" hostname="MWLTPF1MEAFD" failures="0" tests="10" name="TestCases2" time="125.611" errors="0" timestamp="2019-10-06T13:26:03 SAST">
  <testcase classname="automationassignment.tests.TestCase2" name="step1_EnterAddress" time="11.119"/>
  <testcase classname="automationassignment.tests.TestCase2" name="step2_SearchForRestaurantsNearAddress" time="13.887"/>
  <testcase classname="automationassignment.tests.TestCase2" name="step3_AddItemsToBasket" time="8.148"/>
  <testcase classname="automationassignment.tests.TestCase2" name="step4_CaptureDetailsForDelivery" time="14.049"/>
  <testcase classname="automationassignment.tests.TestCase2" name="step5_ReceiveOrderReference" time="6.194"/>
  <testcase classname="automationassignment.tests.TestCase2Bonus" name="step1_EnterAddress" time="8.476"/>
  <testcase classname="automationassignment.tests.TestCase2Bonus" name="step2_SearchForRestaurantsNearAddress" time="13.39"/>
  <testcase classname="automationassignment.tests.TestCase2Bonus" name="step3_AddItemsToBasket" time="8.368"/>
  <testcase classname="automationassignment.tests.TestCase2Bonus" name="step4_CaptureDetailsForDelivery" time="17.191"/>
  <testcase classname="automationassignment.tests.TestCase2Bonus" name="step5_ReceiveOrderReference" time="6.191"/>
</testsuite> <!-- TestCases2 -->
