<?xml version="1.0" encoding="UTF-8"?>
<!-- Generated by org.testng.reporters.JUnitXMLReporter -->
<testsuite ignored="0" hostname="MWLTPF1MEAFD" failures="0" tests="10" name="TestCases1" time="124.536" errors="0" timestamp="2019-10-06T13:23:58 SAST">
  <testcase classname="automationassignment.tests.TestCase1" name="step1_EnterAddress" time="10.264"/>
  <testcase classname="automationassignment.tests.TestCase1" name="step2_SearchForRestaurantsNearAddress" time="13.784"/>
  <testcase classname="automationassignment.tests.TestCase1" name="step3_AddItemsToBasket" time="8.489"/>
  <testcase classname="automationassignment.tests.TestCase1" name="step4_CaptureDetailsForDelivery" time="14.528"/>
  <testcase classname="automationassignment.tests.TestCase1" name="step5_ReceiveOrderReference" time="6.267"/>
  <testcase classname="automationassignment.tests.TestCase1Bonus" name="step1_EnterAddress" time="8.42"/>
  <testcase classname="automationassignment.tests.TestCase1Bonus" name="step2_SearchForRestaurantsNearAddress" time="13.402"/>
  <testcase classname="automationassignment.tests.TestCase1Bonus" name="step3_AddItemsToBasket" time="8.133"/>
  <testcase classname="automationassignment.tests.TestCase1Bonus" name="step4_CaptureDetailsForDelivery" time="16.476"/>
  <testcase classname="automationassignment.tests.TestCase1Bonus" name="step5_ReceiveOrderReference" time="6.136"/>
</testsuite> <!-- TestCases1 -->
