<?xml version="1.0" encoding="UTF-8"?>
<testng-results ignored="0" total="2" passed="2" failed="0" skipped="0">
  <reporter-output>
  </reporter-output>
  <suite started-at="2019-10-05T12:08:00 SAST" name="Default suite" finished-at="2019-10-05T12:08:27 SAST" duration-ms="26363">
    <groups>
    </groups>
    <test started-at="2019-10-05T12:08:00 SAST" name="Default test" finished-at="2019-10-05T12:08:27 SAST" duration-ms="26363">
      <class name="automationassignment.TestCase1">
        <test-method is-config="true" signature="openPage()[pri:0, instance:automationassignment.TestCase1@7ff95560]" started-at="2019-10-05T12:08:00 SAST" name="openPage" finished-at="2019-10-05T12:08:08 SAST" duration-ms="7450" status="PASS">
          <reporter-output>
          </reporter-output>
        </test-method> <!-- openPage -->
        <test-method signature="step1()[pri:0, instance:automationassignment.TestCase1@7ff95560]" started-at="2019-10-05T12:08:08 SAST" name="step1" finished-at="2019-10-05T12:08:18 SAST" duration-ms="10664" status="PASS">
          <reporter-output>
          </reporter-output>
        </test-method> <!-- step1 -->
        <test-method signature="step2()[pri:0, instance:automationassignment.TestCase1@7ff95560]" started-at="2019-10-05T12:08:18 SAST" name="step2" finished-at="2019-10-05T12:08:27 SAST" depends-on-methods="automationassignment.TestCase1.step1" duration-ms="8209" status="PASS">
          <reporter-output>
          </reporter-output>
        </test-method> <!-- step2 -->
        <test-method is-config="true" signature="closeBrowser()[pri:0, instance:automationassignment.TestCase1@7ff95560]" started-at="2019-10-05T12:08:27 SAST" name="closeBrowser" finished-at="2019-10-05T12:08:27 SAST" duration-ms="0" status="PASS">
          <reporter-output>
          </reporter-output>
        </test-method> <!-- closeBrowser -->
      </class> <!-- automationassignment.TestCase1 -->
    </test> <!-- Default test -->
  </suite> <!-- Default suite -->
</testng-results>
